2023-03-02T06:17:50.087Z GET 200 ::1 / On root
2023-03-02T06:21:23.711Z GET 200 ::1 / On root
2023-03-02T06:27:47.573Z GET 200 ::1 / On root
2023-03-02T06:30:25.606Z GET 200 ::1 / On root
2023-03-02T06:30:27.353Z GET 200 ::1 /image1.jpg Found
2023-03-02T06:30:29.981Z GET 200 ::1 /image2.jpg Found
2023-03-02T06:30:32.174Z GET 200 ::1 /node.txt Found
2023-03-02T06:30:39.198Z GET 200 ::1 /image1.jpg Found
2023-03-02T06:31:22.509Z GET 200 ::1 / On root
2023-03-02T06:31:28.269Z GET 200 ::1 /image1.jpg Found
2023-03-02T06:31:31.134Z GET 200 ::1 /image2.jpg Found
2023-03-02T06:38:33.099Z GET 200 ::1 / On root
2023-03-02T06:38:39.742Z GET 200 ::1 /image1.jpg Found
2023-03-02T06:38:42.345Z GET 200 ::1 /image2.jpg Found
2023-03-02T06:38:45.838Z GET 200 ::1 /node.txt Found
2023-03-02T06:38:49.517Z GET 200 ::1 /image1.jpg Found
2023-03-02T06:39:47.108Z GET 200 ::1 /image1.jpg Found
2023-03-02T06:46:36.560Z GET 200 ::1 / On root
2023-03-02T06:46:38.274Z GET 200 ::1 /image1.jpg Found
2023-03-02T06:46:44.487Z GET 404 ::1 /image1sdfsdf Content not found
2023-03-02T06:52:28.884Z GET 200 ::1 / On root
2023-03-02T06:52:30.266Z GET 404 ::1 /001%20Introduction.mp4 Content not found
2023-03-02T06:52:33.019Z GET 404 ::1 /001%20Introduction.mp4 Content not found
2023-03-02T06:52:33.603Z GET 404 ::1 /001%20Introduction.mp4 Content not found
2023-03-02T06:52:38.255Z GET 404 ::1 /001%20Introduction.mp4 Content not found
2023-03-02T06:53:20.664Z GET 404 ::1 /001%20Introduction.mp4 Content not found
2023-03-02T06:53:27.867Z GET 200 ::1 / On root
2023-03-02T06:53:32.123Z GET 404 ::1 /001%20Introduction.mp4 Content not found
2023-03-02T06:53:52.669Z GET 200 ::1 / On root
2023-03-02T06:53:54.130Z GET 200 ::1 /video.mp4 Found
2023-03-02T06:53:59.905Z GET 200 ::1 /video.mp4 Found
2023-03-02T06:54:04.072Z GET 200 ::1 /video.mp4 Found
2023-03-02T06:56:37.734Z GET 200 ::1 / On root
2023-03-02T06:56:39.127Z GET 200 ::1 /video.mp4 Found
2023-03-02T06:56:39.191Z GET 200 ::1 /video.mp4 Found
2023-03-02T06:59:15.080Z GET 200 ::1 / On root
2023-03-02T06:59:17.913Z GET 200 ::1 /Video Found
2023-03-02T06:59:17.917Z GET 500 ::1 /Video Internal server error - Unable to read file: EISDIR: illegal operation on a directory, read
2023-03-02T06:59:21.624Z GET 200 ::1 / On root
2023-03-02T07:04:03.484Z GET 200 ::1 / On root
2023-03-02T07:04:05.413Z GET 200 ::1 /Video On directory
2023-03-02T07:04:09.320Z GET 404 ::1 /home/dsi/Documents/Task/resources/Video/video.mp4 Content not found
2023-03-02T07:04:14.213Z GET 404 ::1 /home/dsi/Documents/Task/resources/Video/video.mp4 Content not found
2023-03-02T07:04:17.041Z GET 404 ::1 /home/dsi/Documents/Task/resources/Video/video.mp4 Content not found
2023-03-02T07:04:23.738Z GET 404 ::1 /home/dsi/Documents/Task/resources/Video/video.mp4 Content not found
2023-03-02T07:04:41.168Z GET 200 ::1 /Video On directory
2023-03-02T07:04:45.166Z GET 200 ::1 /Video On directory
2023-03-02T07:06:28.771Z GET 200 ::1 / On root
2023-03-02T07:06:31.386Z GET 200 ::1 / On root
2023-03-02T07:06:31.970Z GET 200 ::1 / On root
2023-03-02T07:06:32.330Z GET 200 ::1 / On root
2023-03-02T07:06:59.550Z GET 200 ::1 / On root
2023-03-02T07:07:00.186Z GET 200 ::1 / On root
2023-03-02T07:07:00.491Z GET 200 ::1 / On root
2023-03-02T07:07:51.041Z GET 200 ::1 / On root
2023-03-02T07:07:53.059Z GET 200 ::1 /Video Found
2023-03-02T07:07:53.063Z GET 500 ::1 /Video Internal server error - Unable to read file: EISDIR: illegal operation on a directory, read
2023-03-02T07:07:57.012Z GET 200 ::1 /Video Found
2023-03-02T07:07:57.013Z GET 500 ::1 /Video Internal server error - Unable to read file: EISDIR: illegal operation on a directory, read
2023-03-02T07:08:25.710Z GET 200 ::1 / On root
2023-03-02T07:08:27.633Z GET 200 ::1 /Video On directory
2023-03-02T07:08:31.276Z GET 404 ::1 /home/dsi/Documents/Task/resources/Video/video.mp4 Content not found
2023-03-02T07:08:43.536Z GET 200 ::1 //Video/video.mp4 Found
2023-03-02T07:08:43.573Z GET 200 ::1 //Video/video.mp4 Found
2023-03-02T07:09:09.253Z GET 200 ::1 / On root
2023-03-02T07:09:10.731Z GET 200 ::1 /Video On directory
2023-03-02T07:09:11.928Z GET 404 ::1 /undefined Content not found
2023-03-02T07:09:30.338Z GET 200 ::1 / On root
2023-03-02T07:09:32.013Z GET 200 ::1 /Video On directory
2023-03-02T07:09:48.759Z GET 200 ::1 /Video On directory
2023-03-02T07:13:56.155Z GET 200 ::1 / On root
2023-03-02T07:14:02.131Z GET 200 ::1 /Video On directory
2023-03-02T07:14:03.290Z GET 404 ::1 /video.mp4 Content not found
2023-03-02T07:14:05.590Z GET 404 ::1 /video.mp4 Content not found
2023-03-02T07:14:06.228Z GET 404 ::1 /video.mp4 Content not found
2023-03-02T07:14:42.851Z GET 200 ::1 / On root
2023-03-02T07:14:44.731Z GET 200 ::1 /Video On directory
2023-03-02T07:14:46.779Z GET 404 ::1 /video.mp4/video.mp4 Content not found
2023-03-02T07:15:32.301Z GET 200 ::1 / On root
2023-03-02T07:15:34.752Z GET 200 ::1 /Video On directory
2023-03-02T07:15:39.018Z GET 404 ::1 /home/dsi/Documents/Task/resources/Videovideo.mp4 Content not found
2023-03-02T07:17:06.281Z GET 200 ::1 / On root
2023-03-02T07:17:06.829Z GET 200 ::1 / On root
2023-03-02T07:17:07.766Z GET 200 ::1 /Video On directory
2023-03-02T07:17:09.609Z GET 404 ::1 /video.mp4 Content not found
2023-03-02T07:18:04.552Z GET 404 ::1 /video.mp4 Content not found
2023-03-02T07:18:10.404Z GET 200 ::1 /Video On directory
2023-03-02T07:18:43.147Z GET 200 ::1 / On root
2023-03-02T07:18:44.108Z GET 200 ::1 /Video On directory
2023-03-02T07:18:52.219Z GET 404 ::1 /video.mp4 Content not found
2023-03-02T07:19:43.273Z GET 404 ::1 /video.mp4 Content not found
2023-03-02T07:19:46.660Z GET 200 ::1 / On root
2023-03-02T07:19:47.616Z GET 200 ::1 /Video On directory
2023-03-02T07:19:59.643Z GET 404 ::1 /video.mp4 Content not found
2023-03-02T07:20:26.977Z GET 404 ::1 /video.mp4 Content not found
2023-03-02T07:20:30.574Z GET 200 ::1 / On root
2023-03-02T07:20:31.823Z GET 200 ::1 /Video On directory
2023-03-02T07:20:33.243Z GET 404 ::1 /video.mp4 Content not found
2023-03-02T07:20:46.763Z GET 200 ::1 / On root
2023-03-02T07:20:48.111Z GET 200 ::1 /Video On directory
2023-03-02T07:20:49.330Z GET 404 ::1 /video.mp4 Content not found
2023-03-02T07:22:41.221Z GET 200 ::1 / On root
2023-03-02T07:22:42.629Z GET 200 ::1 / On root
2023-03-02T07:22:43.909Z GET 200 ::1 /Video On directory
2023-03-02T07:23:26.308Z GET 200 ::1 / On root
2023-03-02T07:23:28.150Z GET 200 ::1 /Video On directory
2023-03-02T07:23:30.532Z GET 404 ::1 /video.mp4 Content not found
2023-03-02T07:25:01.589Z GET 200 ::1 / On root
2023-03-02T07:25:03.361Z GET 200 ::1 /002_N_Tier_Architecture.mp4 Found
2023-03-02T07:25:03.405Z GET 200 ::1 /002_N_Tier_Architecture.mp4 Found
2023-03-02T07:25:11.673Z GET 200 ::1 /002_N_Tier_Architecture.mp4 Found
2023-03-02T07:25:11.715Z GET 200 ::1 /002_N_Tier_Architecture.mp4 Found
2023-03-02T07:26:55.214Z GET 200 ::1 / On root
2023-03-02T07:26:57.130Z GET 404 ::1 /290%20Angular%20config%20changes.mp4 Content not found
2023-03-02T07:27:28.937Z GET 200 ::1 / On root
2023-03-02T07:27:30.857Z GET 200 ::1 /290_Angular_config_changes.mp4 Found
2023-03-02T07:27:30.914Z GET 200 ::1 /290_Angular_config_changes.mp4 Found
2023-03-02T07:28:06.077Z GET 404 ::1 /290_Angular_config_changes.mp4 Content not found
2023-03-02T07:28:11.349Z GET 404 ::1 /290_Angular_config_changes.mp4 Content not found
2023-03-02T07:28:35.872Z GET 200 ::1 / On root
2023-03-02T07:28:37.613Z GET 200 ::1 /290_Angular_config_changes.mp4 Found
2023-03-02T07:28:37.659Z GET 200 ::1 /290_Angular_config_changes.mp4 Found
2023-03-02T07:29:06.783Z GET 403 ::1 /290_Angular_config_changes.mp4 Forbidden - Unable to access file: EACCES: permission denied, access '/home/dsi/Documents/Task/resources/290_Angular_config_changes.mp4'
2023-03-02T07:29:06.856Z GET 403 ::1 /290_Angular_config_changes.mp4 Forbidden - Unable to access file: EACCES: permission denied, access '/home/dsi/Documents/Task/resources/290_Angular_config_changes.mp4'
2023-03-02T07:29:07.728Z GET 403 ::1 /290_Angular_config_changes.mp4 Forbidden - Unable to access file: EACCES: permission denied, access '/home/dsi/Documents/Task/resources/290_Angular_config_changes.mp4'
2023-03-02T07:29:07.757Z GET 403 ::1 /290_Angular_config_changes.mp4 Forbidden - Unable to access file: EACCES: permission denied, access '/home/dsi/Documents/Task/resources/290_Angular_config_changes.mp4'
2023-03-02T07:29:12.413Z GET 200 ::1 / On root
2023-03-02T07:29:12.956Z GET 200 ::1 / On root
2023-03-02T07:29:14.044Z GET 403 ::1 /290_Angular_config_changes.mp4 Forbidden - Unable to access file: EACCES: permission denied, access '/home/dsi/Documents/Task/resources/290_Angular_config_changes.mp4'
2023-03-02T07:29:14.085Z GET 403 ::1 /290_Angular_config_changes.mp4 Forbidden - Unable to access file: EACCES: permission denied, access '/home/dsi/Documents/Task/resources/290_Angular_config_changes.mp4'
2023-03-02T07:29:25.260Z GET 403 ::1 /290_Angular_config_changes.mp4 Forbidden - Unable to access file: EACCES: permission denied, access '/home/dsi/Documents/Task/resources/290_Angular_config_changes.mp4'
2023-03-02T07:29:25.297Z GET 403 ::1 /290_Angular_config_changes.mp4 Forbidden - Unable to access file: EACCES: permission denied, access '/home/dsi/Documents/Task/resources/290_Angular_config_changes.mp4'
2023-03-02T07:29:27.475Z GET 403 ::1 /290_Angular_config_changes.mp4 Forbidden - Unable to access file: EACCES: permission denied, access '/home/dsi/Documents/Task/resources/290_Angular_config_changes.mp4'
2023-03-02T07:29:27.514Z GET 403 ::1 /290_Angular_config_changes.mp4 Forbidden - Unable to access file: EACCES: permission denied, access '/home/dsi/Documents/Task/resources/290_Angular_config_changes.mp4'
2023-03-02T07:29:27.749Z GET 403 ::1 /290_Angular_config_changes.mp4 Forbidden - Unable to access file: EACCES: permission denied, access '/home/dsi/Documents/Task/resources/290_Angular_config_changes.mp4'
2023-03-02T07:29:27.791Z GET 403 ::1 /290_Angular_config_changes.mp4 Forbidden - Unable to access file: EACCES: permission denied, access '/home/dsi/Documents/Task/resources/290_Angular_config_changes.mp4'
2023-03-02T07:29:27.956Z GET 403 ::1 /290_Angular_config_changes.mp4 Forbidden - Unable to access file: EACCES: permission denied, access '/home/dsi/Documents/Task/resources/290_Angular_config_changes.mp4'
2023-03-02T07:29:27.999Z GET 403 ::1 /290_Angular_config_changes.mp4 Forbidden - Unable to access file: EACCES: permission denied, access '/home/dsi/Documents/Task/resources/290_Angular_config_changes.mp4'
2023-03-02T07:29:28.156Z GET 403 ::1 /290_Angular_config_changes.mp4 Forbidden - Unable to access file: EACCES: permission denied, access '/home/dsi/Documents/Task/resources/290_Angular_config_changes.mp4'
2023-03-02T07:29:28.227Z GET 403 ::1 /290_Angular_config_changes.mp4 Forbidden - Unable to access file: EACCES: permission denied, access '/home/dsi/Documents/Task/resources/290_Angular_config_changes.mp4'
2023-03-02T07:29:28.362Z GET 403 ::1 /290_Angular_config_changes.mp4 Forbidden - Unable to access file: EACCES: permission denied, access '/home/dsi/Documents/Task/resources/290_Angular_config_changes.mp4'
2023-03-02T07:29:28.446Z GET 403 ::1 /290_Angular_config_changes.mp4 Forbidden - Unable to access file: EACCES: permission denied, access '/home/dsi/Documents/Task/resources/290_Angular_config_changes.mp4'
2023-03-02T07:30:00.043Z GET 403 ::1 /290_Angular_config_changes.mp4 Forbidden - Unable to access file: EACCES: permission denied, access '/home/dsi/Documents/Task/resources/290_Angular_config_changes.mp4'
2023-03-02T07:30:00.080Z GET 403 ::1 /290_Angular_config_changes.mp4 Forbidden - Unable to access file: EACCES: permission denied, access '/home/dsi/Documents/Task/resources/290_Angular_config_changes.mp4'
2023-03-02T07:31:02.908Z GET 200 ::1 / On root
2023-03-02T07:31:06.176Z GET 403 ::1 /290_Angular_config_changes.mp4 Forbidden - Unable to access file: EACCES: permission denied, access '/home/dsi/Documents/Task/resources/290_Angular_config_changes.mp4'
2023-03-02T07:31:06.212Z GET 403 ::1 /290_Angular_config_changes.mp4 Forbidden - Unable to access file: EACCES: permission denied, access '/home/dsi/Documents/Task/resources/290_Angular_config_changes.mp4'
2023-03-02T07:32:00.026Z GET 200 ::1 / On root
2023-03-02T07:32:01.959Z GET 200 ::1 /Video On directory
2023-03-02T07:32:03.015Z GET 404 ::1 /video.mp4 Content not found
2023-03-02T07:32:09.016Z GET 404 ::1 /290%20Angular%20config%20changes.mp4 Content not found
2023-03-02T07:32:13.483Z GET 200 ::1 /Video On directory
2023-03-02T07:34:53.663Z GET 200 ::1 / On root
2023-03-02T07:34:53.936Z GET 200 ::1 / On root
2023-03-02T07:34:54.144Z GET 200 ::1 / On root
2023-03-02T07:34:54.342Z GET 200 ::1 / On root
2023-03-02T07:58:15.163Z GET 200 ::1 / On root
2023-03-02T07:58:19.095Z GET 200 ::1 /Video On directory
2023-03-02T07:58:38.320Z GET 200 ::1 /290_Angular_config_changes.mp4 Found
2023-03-02T07:58:38.364Z GET 200 ::1 /290_Angular_config_changes.mp4 Found
2023-03-02T07:59:23.769Z GET 200 ::1 /290_Angular_config_changes.mp4 Found
2023-03-02T07:59:23.978Z GET 200 ::1 /290_Angular_config_changes.mp4 Found
2023-03-02T08:00:58.474Z GET 404 ::1 /290_Angular_config_changes.mp4 Content not found
2023-03-02T08:02:42.972Z GET 404 ::1 /290_Angular_config_changes.mp4 Content not found
2023-03-02T08:02:44.190Z GET 404 ::1 /290_Angular_config_changes.mp4 Content not found
2023-03-02T08:02:44.548Z GET 404 ::1 /290_Angular_config_changes.mp4 Content not found
2023-03-02T08:02:44.757Z GET 404 ::1 /290_Angular_config_changes.mp4 Content not found
2023-03-02T08:02:44.967Z GET 404 ::1 /290_Angular_config_changes.mp4 Content not found
2023-03-02T08:02:45.190Z GET 404 ::1 /290_Angular_config_changes.mp4 Content not found
2023-03-02T08:02:45.377Z GET 404 ::1 /290_Angular_config_changes.mp4 Content not found
2023-03-02T08:02:45.574Z GET 404 ::1 /290_Angular_config_changes.mp4 Content not found
2023-03-02T08:02:48.277Z GET 200 ::1 / On root
2023-03-02T08:33:12.816Z GET 200 ::1 / On root
2023-03-02T08:33:15.641Z GET 200 ::1 /image1.jpg Found
2023-03-02T08:33:21.057Z GET 200 ::1 /Video On directory
2023-03-02T08:43:43.496Z GET 200 ::1 / On root
2023-03-02T08:43:47.895Z GET 200 ::1 /video.mp4 Found
2023-03-02T08:43:47.937Z GET 200 ::1 /video.mp4 Found
2023-03-02T08:44:00.030Z GET 200 ::1 / On root
2023-03-02T08:44:01.963Z GET 200 ::1 /video.mp4 Found
2023-03-02T08:44:02.004Z GET 200 ::1 /video.mp4 Found
2023-03-02T08:44:10.568Z GET 200 ::1 /image2.jpg Found
2023-03-02T08:44:15.416Z GET 200 ::1 /image1.jpg Found
2023-03-02T08:44:35.251Z GET 200 ::1 / On root
2023-03-02T08:44:36.428Z GET 200 ::1 /fahim_cv.pdf Found
2023-03-02T08:44:39.448Z GET 200 ::1 /fahim_cv.pdf Found
2023-03-02T08:44:43.529Z GET 200 ::1 /fahim_cv.pdf Found
2023-03-02T08:44:46.786Z GET 200 ::1 /image1.jpg Found
2023-03-02T08:45:25.269Z GET 200 ::1 /fahim_cv.pdf Found
2023-03-02T08:45:28.368Z GET 200 ::1 / On root
2023-03-02T08:45:31.710Z GET 200 ::1 /Video On directory
2023-03-02T08:47:04.820Z GET 200 ::1 / On root
2023-03-02T08:47:05.450Z GET 200 ::1 / On root
2023-03-02T08:56:31.631Z GET 200 ::1 / On root
2023-03-02T12:40:35.083Z GET 200 ::1 / On root
2023-03-02T12:40:37.715Z GET 200 ::1 /fahim_cv.pdf Found
2023-03-02T12:40:40.745Z GET 200 ::1 /node.txt Found
2023-03-02T12:40:47.290Z GET 200 ::1 /video.mp4 Found
2023-03-02T12:40:47.330Z GET 200 ::1 /video.mp4 Found
2023-03-02T12:40:55.738Z GET 200 ::1 /Video On directory
2023-03-02T12:40:56.648Z GET 200 ::1 /video.mp4 Found
2023-03-02T12:40:56.689Z GET 200 ::1 /video.mp4 Found
2023-03-02T12:41:01.449Z GET 200 ::1 /video.mp4 Found
2023-03-02T12:41:01.489Z GET 200 ::1 /video.mp4 Found
2023-03-02T12:41:06.861Z GET 200 ::1 /video.mp4 Found
2023-03-02T12:41:06.902Z GET 200 ::1 /video.mp4 Found
2023-03-02T12:41:14.857Z GET 200 ::1 /image2.jpg Found
2023-03-02T12:41:24.763Z GET 200 ::1 /image1.jpg Found
2023-03-02T12:41:34.846Z GET 200 ::1 /image1.jpg Found
2023-03-02T12:41:52.062Z GET 200 ::1 /video.mp4 Found
2023-03-02T12:41:52.099Z GET 200 ::1 /video.mp4 Found
2023-03-02T12:41:57.540Z GET 200 ::1 /video.mp4 Found
2023-03-02T12:41:57.586Z GET 200 ::1 /video.mp4 Found
2023-03-02T12:42:47.335Z GET 403 ::1 /node.txt Forbidden - Unable to access file: EACCES: permission denied, access '/home/dsi/Documents/Task/resources/node.txt'
2023-03-02T12:42:54.546Z GET 403 ::1 /node.txt Forbidden - Unable to access file: EACCES: permission denied, access '/home/dsi/Documents/Task/resources/node.txt'
2023-03-02T12:43:03.545Z GET 403 ::1 /node.txt Forbidden - Unable to access file: EACCES: permission denied, access '/home/dsi/Documents/Task/resources/node.txt'
2023-03-02T12:43:10.440Z GET 403 ::1 /node.txt Forbidden - Unable to access file: EACCES: permission denied, access '/home/dsi/Documents/Task/resources/node.txt'
2023-03-02T12:44:02.925Z GET 403 ::1 /node.txt Forbidden - Unable to access file: EACCES: permission denied, access '/home/dsi/Documents/Task/resources/node.txt'
2023-03-02T12:44:10.524Z GET 403 ::1 /node.txt Forbidden - Unable to access file: EACCES: permission denied, access '/home/dsi/Documents/Task/resources/node.txt'
2023-03-02T12:44:13.664Z GET 403 ::1 /node.txt Forbidden - Unable to access file: EACCES: permission denied, access '/home/dsi/Documents/Task/resources/node.txt'
2023-03-02T12:45:54.714Z GET 403 ::1 /node.txt Forbidden - Unable to access file: EACCES: permission denied, access '/home/dsi/Documents/Task/resources/node.txt'
2023-03-02T12:46:00.129Z GET 403 ::1 /node.txt Forbidden - Unable to access file: EACCES: permission denied, access '/home/dsi/Documents/Task/resources/node.txt'
